# JRE version: OpenJDK Runtime Environment (11.0.10) (build 11.0.10+0-b96-7249189)
# Java VM: OpenJDK 64-Bit Server VM (11.0.10+0-b96-7249189, mixed mode, tiered, compressed oops, g1 gc, windows-amd64)
Heap:
 garbage-first heap   total 157696K, used 45172K [0x0000000081e00000, 0x0000000100000000)
  region size 1024K, 29 young (29696K), 9 survivors (9216K)
 Metaspace       used 49446K, capacity 49919K, committed 50076K, reserved 1093632K
  class space    used 5789K, capacity 5988K, committed 6124K, reserved 1048576K
GC Heap History (10 events):
Event: 0.611 GC heap before
{Heap before GC invocations=0 (full 0):
 garbage-first heap   total 131072K, used 16384K [0x0000000081e00000, 0x0000000100000000)
  region size 1024K, 14 young (14336K), 0 survivors (0K)
 Metaspace       used 9869K, capacity 9994K, committed 10240K, reserved 1058816K
  class space    used 890K, capacity 927K, committed 1024K, reserved 1048576K
}
Event: 0.614 GC heap after
{Heap after GC invocations=1 (full 0):
 garbage-first heap   total 131072K, used 5236K [0x0000000081e00000, 0x0000000100000000)
  region size 1024K, 2 young (2048K), 2 survivors (2048K)
 Metaspace       used 9869K, capacity 9994K, committed 10240K, reserved 1058816K
  class space    used 890K, capacity 927K, committed 1024K, reserved 1048576K
}
Event: 1.742 GC heap before
{Heap before GC invocations=1 (full 0):
 garbage-first heap   total 131072K, used 47220K [0x0000000081e00000, 0x0000000100000000)
  region size 1024K, 44 young (45056K), 2 survivors (2048K)
 Metaspace       used 20911K, capacity 21136K, committed 21296K, reserved 1069056K
  class space    used 2243K, capacity 2344K, committed 2432K, reserved 1048576K
}
Event: 1.759 GC heap after
{Heap after GC invocations=2 (full 0):
 garbage-first heap   total 131072K, used 9410K [0x0000000081e00000, 0x0000000100000000)
  region size 1024K, 7 young (7168K), 7 survivors (7168K)
 Metaspace       used 20911K, capacity 21136K, committed 21296K, reserved 1069056K
  class space    used 2243K, capacity 2344K, committed 2432K, reserved 1048576K
}
Event: 2.811 GC heap before
{Heap before GC invocations=3 (full 0):
 garbage-first heap   total 131072K, used 60610K [0x0000000081e00000, 0x0000000100000000)
  region size 1024K, 51 young (52224K), 7 survivors (7168K)
 Metaspace       used 30000K, capacity 30311K, committed 30384K, reserved 1077248K
  class space    used 3418K, capacity 3550K, committed 3584K, reserved 1048576K
}
Event: 2.834 GC heap after
{Heap after GC invocations=4 (full 0):
 garbage-first heap   total 131072K, used 17525K [0x0000000081e00000, 0x0000000100000000)
  region size 1024K, 7 young (7168K), 7 survivors (7168K)
 Metaspace       used 30000K, capacity 30311K, committed 30384K, reserved 1077248K
  class space    used 3418K, capacity 3550K, committed 3584K, reserved 1048576K
}
Event: 3.369 GC heap before
{Heap before GC invocations=4 (full 0):
 garbage-first heap   total 131072K, used 43125K [0x0000000081e00000, 0x0000000100000000)
  region size 1024K, 33 young (33792K), 7 survivors (7168K)
 Metaspace       used 35517K, capacity 35804K, committed 35888K, reserved 1081344K
  class space    used 4296K, capacity 4420K, committed 4480K, reserved 1048576K
}
Event: 3.385 GC heap after
{Heap after GC invocations=5 (full 0):
 garbage-first heap   total 131072K, used 19218K [0x0000000081e00000, 0x0000000100000000)
  region size 1024K, 2 young (2048K), 2 survivors (2048K)
 Metaspace       used 35517K, capacity 35804K, committed 35888K, reserved 1081344K
  class space    used 4296K, capacity 4420K, committed 4480K, reserved 1048576K
}
Event: 5.517 GC heap before
{Heap before GC invocations=6 (full 0):
 garbage-first heap   total 131072K, used 94994K [0x0000000081e00000, 0x0000000100000000)
  region size 1024K, 76 young (77824K), 2 survivors (2048K)
 Metaspace       used 46935K, capacity 47378K, committed 47516K, reserved 1091584K
  class space    used 5607K, capacity 5786K, committed 5868K, reserved 1048576K
}
Event: 5.537 GC heap after
{Heap after GC invocations=7 (full 0):
 garbage-first heap   total 157696K, used 25716K [0x0000000081e00000, 0x0000000100000000)
  region size 1024K, 9 young (9216K), 9 survivors (9216K)
 Metaspace       used 46935K, capacity 47378K, committed 47516K, reserved 1091584K
  class space    used 5607K, capacity 5786K, committed 5868K, reserved 1048576K
}

